<?xml version="1.0" encoding="UTF-8"?>
<testsuite name="com.nthread.outthere.sort.MergeSorterTest" tests="1" skipped="0" failures="0" errors="0" timestamp="2016-10-14T05:07:48" hostname="stationzero" time="0.001">
  <properties/>
  <testcase name="testMergeSort" classname="com.nthread.outthere.sort.MergeSorterTest" time="0.001"/>
  <system-out><![CDATA[raw:       [79, 50, 75, 97, 33, 37, 99, 52, 36, 24, 31, 17, 25, 84, 48, 7, 51, 46, 44, 82, 38, 53, 9, 6, 78, 57, 95, 43, 47, 21, 28, 41, 35, 93, 22, 54, 100, 27, 94, 29, 64, 2, 32, 71, 58, 20, 72, 68, 3, 5, 83, 13, 89, 63, 85, 49, 73, 98, 56, 91, 11, 76, 34, 45, 69, 26, 80, 12, 62, 61, 87, 40, 59, 23, 14, 1, 55, 86, 88, 70, 67, 39, 19, 90, 96, 81, 65, 15, 60, 77, 92, 10, 16, 42, 30, 4, 18, 74, 8, 66]
sorted:    [1, 2, 3, 4, 5, 6, 7, 8, 9, 10, 11, 12, 13, 14, 15, 16, 17, 18, 19, 20, 21, 22, 23, 24, 25, 26, 27, 28, 29, 30, 31, 32, 33, 34, 35, 36, 37, 38, 39, 40, 41, 42, 43, 44, 45, 46, 47, 48, 49, 50, 51, 52, 53, 54, 55, 56, 57, 58, 59, 60, 61, 62, 63, 64, 65, 66, 67, 68, 69, 70, 71, 72, 73, 74, 75, 76, 77, 78, 79, 80, 81, 82, 83, 84, 85, 86, 87, 88, 89, 90, 91, 92, 93, 94, 95, 96, 97, 98, 99, 100]
]]></system-out>
  <system-err><![CDATA[]]></system-err>
</testsuite>
