<?xml version="1.0" encoding="UTF-8"?>
<testsuite name="com.nthread.outthere.cracking.ListReverserTest" tests="1" skipped="0" failures="0" errors="0" timestamp="2016-10-14T05:07:46" hostname="stationzero" time="0.001">
  <properties/>
  <testcase name="testPal" classname="com.nthread.outthere.cracking.ListReverserTest" time="0.001"/>
  <system-out><![CDATA[]]></system-out>
  <system-err><![CDATA[]]></system-err>
</testsuite>
