<?xml version="1.0" encoding="UTF-8"?>
<testsuite name="com.nthread.outthere.zillow.TrinaryTreeTest" tests="4" skipped="0" failures="0" errors="0" timestamp="2016-10-14T05:07:48" hostname="stationzero" time="0.004">
  <properties/>
  <testcase name="testMinChild" classname="com.nthread.outthere.zillow.TrinaryTreeTest" time="0.001"/>
  <testcase name="testMaxChild" classname="com.nthread.outthere.zillow.TrinaryTreeTest" time="0.0"/>
  <testcase name="testDelete" classname="com.nthread.outthere.zillow.TrinaryTreeTest" time="0.001"/>
  <testcase name="testInsert" classname="com.nthread.outthere.zillow.TrinaryTreeTest" time="0.0"/>
  <system-out><![CDATA[]]></system-out>
  <system-err><![CDATA[]]></system-err>
</testsuite>
