<?xml version="1.0" encoding="UTF-8"?>
<testsuite name="com.nthread.outthere.sort.QuickSorterTest" tests="1" skipped="0" failures="0" errors="0" timestamp="2016-10-14T05:07:48" hostname="stationzero" time="0.001">
  <properties/>
  <testcase name="testQuickSort" classname="com.nthread.outthere.sort.QuickSorterTest" time="0.001"/>
  <system-out><![CDATA[raw:       [79, 59, 89, 6, 31, 19, 17, 37, 62, 74, 43, 13, 93, 35, 57, 81, 86, 23, 4, 32, 78, 70, 84, 94, 99, 64, 60, 25, 58, 5, 98, 68, 100, 40, 28, 52, 29, 2, 73, 1, 7, 63, 96, 38, 67, 39, 24, 71, 49, 66, 61, 47, 88, 48, 90, 8, 33, 36, 45, 65, 14, 85, 22, 83, 53, 97, 11, 42, 50, 91, 87, 80, 21, 12, 54, 92, 44, 76, 15, 55, 41, 10, 95, 27, 3, 56, 18, 51, 30, 20, 72, 69, 77, 9, 16, 26, 82, 34, 46, 75]
sorted:    [1, 2, 3, 4, 5, 6, 7, 8, 9, 10, 11, 12, 13, 14, 15, 16, 17, 18, 19, 20, 21, 22, 23, 24, 25, 26, 27, 28, 29, 30, 31, 32, 33, 34, 35, 36, 37, 38, 39, 40, 41, 42, 43, 44, 45, 46, 47, 48, 49, 50, 51, 52, 53, 54, 55, 56, 57, 58, 59, 60, 61, 62, 63, 64, 65, 66, 67, 68, 69, 70, 71, 72, 73, 74, 75, 76, 77, 78, 79, 80, 81, 82, 83, 84, 85, 86, 87, 88, 89, 90, 91, 92, 93, 94, 95, 96, 97, 98, 99, 100]
]]></system-out>
  <system-err><![CDATA[]]></system-err>
</testsuite>
