<?xml version="1.0" encoding="UTF-8"?>
<testsuite name="com.nthread.outthere.sort.HeapSorterTest" tests="1" skipped="0" failures="0" errors="0" timestamp="2016-10-14T05:07:48" hostname="stationzero" time="0.001">
  <properties/>
  <testcase name="testHeapSort" classname="com.nthread.outthere.sort.HeapSorterTest" time="0.001"/>
  <system-out><![CDATA[raw:       [15, 30, 7, 83, 50, 95, 19, 39, 59, 48, 74, 86, 82, 99, 56, 98, 33, 18, 79, 34, 97, 5, 28, 38, 93, 51, 87, 71, 12, 10, 55, 49, 23, 52, 45, 80, 26, 43, 73, 96, 57, 4, 13, 67, 58, 46, 32, 20, 35, 42, 21, 9, 53, 37, 89, 29, 75, 31, 65, 66, 78, 94, 40, 25, 85, 36, 22, 3, 63, 61, 90, 68, 72, 54, 76, 44, 47, 91, 88, 16, 11, 2, 14, 62, 24, 60, 69, 41, 1, 27, 6, 17, 64, 70, 92, 8, 81, 100, 84, 77]
heapified: [100, 98, 99, 91, 97, 95, 94, 90, 88, 96, 92, 93, 89, 75, 78, 85, 83, 80, 79, 57, 69, 67, 74, 86, 77, 53, 87, 71, 65, 66, 56, 49, 36, 63, 61, 72, 76, 47, 73, 34, 50, 62, 60, 41, 58, 64, 70, 81, 84, 42, 21, 9, 51, 37, 82, 29, 19, 31, 12, 15, 10, 55, 40, 25, 39, 23, 22, 3, 52, 33, 45, 68, 18, 54, 26, 44, 43, 30, 59, 16, 11, 2, 14, 4, 24, 48, 13, 5, 1, 27, 6, 17, 46, 28, 32, 8, 20, 35, 38, 7]
sorted:    [1, 2, 3, 4, 5, 6, 7, 8, 9, 10, 11, 12, 13, 14, 15, 16, 17, 18, 19, 20, 21, 22, 23, 24, 25, 26, 27, 28, 29, 30, 31, 32, 33, 34, 35, 36, 37, 38, 39, 40, 41, 42, 43, 44, 45, 46, 47, 48, 49, 50, 51, 52, 53, 54, 55, 56, 57, 58, 59, 60, 61, 62, 63, 64, 65, 66, 67, 68, 69, 70, 71, 72, 73, 74, 75, 76, 77, 78, 79, 80, 81, 82, 83, 84, 85, 86, 87, 88, 89, 90, 91, 92, 93, 94, 95, 96, 97, 98, 99, 100]
]]></system-out>
  <system-err><![CDATA[]]></system-err>
</testsuite>
