<?xml version="1.0" encoding="UTF-8"?>
<testsuite name="com.nthread.outthere.sort.SelectionSorterTest" tests="1" skipped="0" failures="0" errors="0" timestamp="2016-10-14T05:07:48" hostname="stationzero" time="0.001">
  <properties/>
  <testcase name="testSelectionSort" classname="com.nthread.outthere.sort.SelectionSorterTest" time="0.001"/>
  <system-out><![CDATA[raw:       [7, 70, 43, 55, 12, 82, 91, 19, 50, 93, 35, 10, 8, 23, 81, 100, 89, 97, 73, 54, 56, 18, 61, 26, 92, 34, 5, 51, 2, 69, 75, 31, 3, 37, 98, 15, 17, 80, 49, 48, 46, 76, 87, 57, 32, 38, 6, 53, 77, 78, 85, 47, 41, 58, 71, 9, 99, 36, 94, 88, 65, 14, 29, 44, 21, 72, 66, 68, 42, 63, 30, 52, 67, 28, 60, 64, 39, 16, 25, 27, 79, 83, 33, 86, 11, 45, 4, 22, 95, 24, 84, 90, 59, 62, 20, 96, 13, 40, 74, 1]
sorted:    [1, 2, 3, 4, 5, 6, 7, 8, 9, 10, 11, 12, 13, 14, 15, 16, 17, 18, 19, 20, 21, 22, 23, 24, 25, 26, 27, 28, 29, 30, 31, 32, 33, 34, 35, 36, 37, 38, 39, 40, 41, 42, 43, 44, 45, 46, 47, 48, 49, 50, 51, 52, 53, 54, 55, 56, 57, 58, 59, 60, 61, 62, 63, 64, 65, 66, 67, 68, 69, 70, 71, 72, 73, 74, 75, 76, 77, 78, 79, 80, 81, 82, 83, 84, 85, 86, 87, 88, 89, 90, 91, 92, 93, 94, 95, 96, 97, 98, 99, 100]
]]></system-out>
  <system-err><![CDATA[]]></system-err>
</testsuite>
