<?xml version="1.0" encoding="UTF-8"?>
<testsuite name="com.nthread.outthere.sort.InsertionSorterTest" tests="1" skipped="0" failures="0" errors="0" timestamp="2016-10-14T05:07:48" hostname="stationzero" time="0.004">
  <properties/>
  <testcase name="testInsertionSort" classname="com.nthread.outthere.sort.InsertionSorterTest" time="0.004"/>
  <system-out><![CDATA[raw:       [100, 16, 98, 27, 99, 37, 61, 47, 22, 83, 6, 68, 81, 11, 57, 28, 95, 52, 31, 20, 44, 59, 88, 15, 60, 38, 58, 13, 75, 73, 78, 8, 89, 49, 40, 76, 25, 32, 7, 53, 48, 29, 2, 26, 77, 85, 18, 19, 87, 55, 42, 80, 46, 33, 45, 94, 72, 10, 51, 92, 62, 36, 3, 56, 84, 21, 41, 23, 34, 35, 65, 96, 4, 63, 9, 66, 5, 79, 97, 70, 17, 12, 24, 54, 30, 71, 86, 91, 39, 93, 69, 64, 50, 43, 1, 74, 14, 90, 82, 67]
[16, 100, 98, 27, 99, 37, 61, 47, 22, 83, 6, 68, 81, 11, 57, 28, 95, 52, 31, 20, 44, 59, 88, 15, 60, 38, 58, 13, 75, 73, 78, 8, 89, 49, 40, 76, 25, 32, 7, 53, 48, 29, 2, 26, 77, 85, 18, 19, 87, 55, 42, 80, 46, 33, 45, 94, 72, 10, 51, 92, 62, 36, 3, 56, 84, 21, 41, 23, 34, 35, 65, 96, 4, 63, 9, 66, 5, 79, 97, 70, 17, 12, 24, 54, 30, 71, 86, 91, 39, 93, 69, 64, 50, 43, 1, 74, 14, 90, 82, 67]
[16, 98, 100, 27, 99, 37, 61, 47, 22, 83, 6, 68, 81, 11, 57, 28, 95, 52, 31, 20, 44, 59, 88, 15, 60, 38, 58, 13, 75, 73, 78, 8, 89, 49, 40, 76, 25, 32, 7, 53, 48, 29, 2, 26, 77, 85, 18, 19, 87, 55, 42, 80, 46, 33, 45, 94, 72, 10, 51, 92, 62, 36, 3, 56, 84, 21, 41, 23, 34, 35, 65, 96, 4, 63, 9, 66, 5, 79, 97, 70, 17, 12, 24, 54, 30, 71, 86, 91, 39, 93, 69, 64, 50, 43, 1, 74, 14, 90, 82, 67]
[16, 27, 98, 100, 99, 37, 61, 47, 22, 83, 6, 68, 81, 11, 57, 28, 95, 52, 31, 20, 44, 59, 88, 15, 60, 38, 58, 13, 75, 73, 78, 8, 89, 49, 40, 76, 25, 32, 7, 53, 48, 29, 2, 26, 77, 85, 18, 19, 87, 55, 42, 80, 46, 33, 45, 94, 72, 10, 51, 92, 62, 36, 3, 56, 84, 21, 41, 23, 34, 35, 65, 96, 4, 63, 9, 66, 5, 79, 97, 70, 17, 12, 24, 54, 30, 71, 86, 91, 39, 93, 69, 64, 50, 43, 1, 74, 14, 90, 82, 67]
[16, 27, 98, 99, 100, 37, 61, 47, 22, 83, 6, 68, 81, 11, 57, 28, 95, 52, 31, 20, 44, 59, 88, 15, 60, 38, 58, 13, 75, 73, 78, 8, 89, 49, 40, 76, 25, 32, 7, 53, 48, 29, 2, 26, 77, 85, 18, 19, 87, 55, 42, 80, 46, 33, 45, 94, 72, 10, 51, 92, 62, 36, 3, 56, 84, 21, 41, 23, 34, 35, 65, 96, 4, 63, 9, 66, 5, 79, 97, 70, 17, 12, 24, 54, 30, 71, 86, 91, 39, 93, 69, 64, 50, 43, 1, 74, 14, 90, 82, 67]
[16, 27, 37, 98, 99, 100, 61, 47, 22, 83, 6, 68, 81, 11, 57, 28, 95, 52, 31, 20, 44, 59, 88, 15, 60, 38, 58, 13, 75, 73, 78, 8, 89, 49, 40, 76, 25, 32, 7, 53, 48, 29, 2, 26, 77, 85, 18, 19, 87, 55, 42, 80, 46, 33, 45, 94, 72, 10, 51, 92, 62, 36, 3, 56, 84, 21, 41, 23, 34, 35, 65, 96, 4, 63, 9, 66, 5, 79, 97, 70, 17, 12, 24, 54, 30, 71, 86, 91, 39, 93, 69, 64, 50, 43, 1, 74, 14, 90, 82, 67]
[16, 27, 37, 61, 98, 99, 100, 47, 22, 83, 6, 68, 81, 11, 57, 28, 95, 52, 31, 20, 44, 59, 88, 15, 60, 38, 58, 13, 75, 73, 78, 8, 89, 49, 40, 76, 25, 32, 7, 53, 48, 29, 2, 26, 77, 85, 18, 19, 87, 55, 42, 80, 46, 33, 45, 94, 72, 10, 51, 92, 62, 36, 3, 56, 84, 21, 41, 23, 34, 35, 65, 96, 4, 63, 9, 66, 5, 79, 97, 70, 17, 12, 24, 54, 30, 71, 86, 91, 39, 93, 69, 64, 50, 43, 1, 74, 14, 90, 82, 67]
[16, 27, 37, 47, 61, 98, 99, 100, 22, 83, 6, 68, 81, 11, 57, 28, 95, 52, 31, 20, 44, 59, 88, 15, 60, 38, 58, 13, 75, 73, 78, 8, 89, 49, 40, 76, 25, 32, 7, 53, 48, 29, 2, 26, 77, 85, 18, 19, 87, 55, 42, 80, 46, 33, 45, 94, 72, 10, 51, 92, 62, 36, 3, 56, 84, 21, 41, 23, 34, 35, 65, 96, 4, 63, 9, 66, 5, 79, 97, 70, 17, 12, 24, 54, 30, 71, 86, 91, 39, 93, 69, 64, 50, 43, 1, 74, 14, 90, 82, 67]
[16, 22, 27, 37, 47, 61, 98, 99, 100, 83, 6, 68, 81, 11, 57, 28, 95, 52, 31, 20, 44, 59, 88, 15, 60, 38, 58, 13, 75, 73, 78, 8, 89, 49, 40, 76, 25, 32, 7, 53, 48, 29, 2, 26, 77, 85, 18, 19, 87, 55, 42, 80, 46, 33, 45, 94, 72, 10, 51, 92, 62, 36, 3, 56, 84, 21, 41, 23, 34, 35, 65, 96, 4, 63, 9, 66, 5, 79, 97, 70, 17, 12, 24, 54, 30, 71, 86, 91, 39, 93, 69, 64, 50, 43, 1, 74, 14, 90, 82, 67]
[16, 22, 27, 37, 47, 61, 83, 98, 99, 100, 6, 68, 81, 11, 57, 28, 95, 52, 31, 20, 44, 59, 88, 15, 60, 38, 58, 13, 75, 73, 78, 8, 89, 49, 40, 76, 25, 32, 7, 53, 48, 29, 2, 26, 77, 85, 18, 19, 87, 55, 42, 80, 46, 33, 45, 94, 72, 10, 51, 92, 62, 36, 3, 56, 84, 21, 41, 23, 34, 35, 65, 96, 4, 63, 9, 66, 5, 79, 97, 70, 17, 12, 24, 54, 30, 71, 86, 91, 39, 93, 69, 64, 50, 43, 1, 74, 14, 90, 82, 67]
[6, 16, 22, 27, 37, 47, 61, 83, 98, 99, 100, 68, 81, 11, 57, 28, 95, 52, 31, 20, 44, 59, 88, 15, 60, 38, 58, 13, 75, 73, 78, 8, 89, 49, 40, 76, 25, 32, 7, 53, 48, 29, 2, 26, 77, 85, 18, 19, 87, 55, 42, 80, 46, 33, 45, 94, 72, 10, 51, 92, 62, 36, 3, 56, 84, 21, 41, 23, 34, 35, 65, 96, 4, 63, 9, 66, 5, 79, 97, 70, 17, 12, 24, 54, 30, 71, 86, 91, 39, 93, 69, 64, 50, 43, 1, 74, 14, 90, 82, 67]
[6, 16, 22, 27, 37, 47, 61, 68, 83, 98, 99, 100, 81, 11, 57, 28, 95, 52, 31, 20, 44, 59, 88, 15, 60, 38, 58, 13, 75, 73, 78, 8, 89, 49, 40, 76, 25, 32, 7, 53, 48, 29, 2, 26, 77, 85, 18, 19, 87, 55, 42, 80, 46, 33, 45, 94, 72, 10, 51, 92, 62, 36, 3, 56, 84, 21, 41, 23, 34, 35, 65, 96, 4, 63, 9, 66, 5, 79, 97, 70, 17, 12, 24, 54, 30, 71, 86, 91, 39, 93, 69, 64, 50, 43, 1, 74, 14, 90, 82, 67]
[6, 16, 22, 27, 37, 47, 61, 68, 81, 83, 98, 99, 100, 11, 57, 28, 95, 52, 31, 20, 44, 59, 88, 15, 60, 38, 58, 13, 75, 73, 78, 8, 89, 49, 40, 76, 25, 32, 7, 53, 48, 29, 2, 26, 77, 85, 18, 19, 87, 55, 42, 80, 46, 33, 45, 94, 72, 10, 51, 92, 62, 36, 3, 56, 84, 21, 41, 23, 34, 35, 65, 96, 4, 63, 9, 66, 5, 79, 97, 70, 17, 12, 24, 54, 30, 71, 86, 91, 39, 93, 69, 64, 50, 43, 1, 74, 14, 90, 82, 67]
[6, 11, 16, 22, 27, 37, 47, 61, 68, 81, 83, 98, 99, 100, 57, 28, 95, 52, 31, 20, 44, 59, 88, 15, 60, 38, 58, 13, 75, 73, 78, 8, 89, 49, 40, 76, 25, 32, 7, 53, 48, 29, 2, 26, 77, 85, 18, 19, 87, 55, 42, 80, 46, 33, 45, 94, 72, 10, 51, 92, 62, 36, 3, 56, 84, 21, 41, 23, 34, 35, 65, 96, 4, 63, 9, 66, 5, 79, 97, 70, 17, 12, 24, 54, 30, 71, 86, 91, 39, 93, 69, 64, 50, 43, 1, 74, 14, 90, 82, 67]
[6, 11, 16, 22, 27, 37, 47, 57, 61, 68, 81, 83, 98, 99, 100, 28, 95, 52, 31, 20, 44, 59, 88, 15, 60, 38, 58, 13, 75, 73, 78, 8, 89, 49, 40, 76, 25, 32, 7, 53, 48, 29, 2, 26, 77, 85, 18, 19, 87, 55, 42, 80, 46, 33, 45, 94, 72, 10, 51, 92, 62, 36, 3, 56, 84, 21, 41, 23, 34, 35, 65, 96, 4, 63, 9, 66, 5, 79, 97, 70, 17, 12, 24, 54, 30, 71, 86, 91, 39, 93, 69, 64, 50, 43, 1, 74, 14, 90, 82, 67]
[6, 11, 16, 22, 27, 28, 37, 47, 57, 61, 68, 81, 83, 98, 99, 100, 95, 52, 31, 20, 44, 59, 88, 15, 60, 38, 58, 13, 75, 73, 78, 8, 89, 49, 40, 76, 25, 32, 7, 53, 48, 29, 2, 26, 77, 85, 18, 19, 87, 55, 42, 80, 46, 33, 45, 94, 72, 10, 51, 92, 62, 36, 3, 56, 84, 21, 41, 23, 34, 35, 65, 96, 4, 63, 9, 66, 5, 79, 97, 70, 17, 12, 24, 54, 30, 71, 86, 91, 39, 93, 69, 64, 50, 43, 1, 74, 14, 90, 82, 67]
[6, 11, 16, 22, 27, 28, 37, 47, 57, 61, 68, 81, 83, 95, 98, 99, 100, 52, 31, 20, 44, 59, 88, 15, 60, 38, 58, 13, 75, 73, 78, 8, 89, 49, 40, 76, 25, 32, 7, 53, 48, 29, 2, 26, 77, 85, 18, 19, 87, 55, 42, 80, 46, 33, 45, 94, 72, 10, 51, 92, 62, 36, 3, 56, 84, 21, 41, 23, 34, 35, 65, 96, 4, 63, 9, 66, 5, 79, 97, 70, 17, 12, 24, 54, 30, 71, 86, 91, 39, 93, 69, 64, 50, 43, 1, 74, 14, 90, 82, 67]
[6, 11, 16, 22, 27, 28, 37, 47, 52, 57, 61, 68, 81, 83, 95, 98, 99, 100, 31, 20, 44, 59, 88, 15, 60, 38, 58, 13, 75, 73, 78, 8, 89, 49, 40, 76, 25, 32, 7, 53, 48, 29, 2, 26, 77, 85, 18, 19, 87, 55, 42, 80, 46, 33, 45, 94, 72, 10, 51, 92, 62, 36, 3, 56, 84, 21, 41, 23, 34, 35, 65, 96, 4, 63, 9, 66, 5, 79, 97, 70, 17, 12, 24, 54, 30, 71, 86, 91, 39, 93, 69, 64, 50, 43, 1, 74, 14, 90, 82, 67]
[6, 11, 16, 22, 27, 28, 31, 37, 47, 52, 57, 61, 68, 81, 83, 95, 98, 99, 100, 20, 44, 59, 88, 15, 60, 38, 58, 13, 75, 73, 78, 8, 89, 49, 40, 76, 25, 32, 7, 53, 48, 29, 2, 26, 77, 85, 18, 19, 87, 55, 42, 80, 46, 33, 45, 94, 72, 10, 51, 92, 62, 36, 3, 56, 84, 21, 41, 23, 34, 35, 65, 96, 4, 63, 9, 66, 5, 79, 97, 70, 17, 12, 24, 54, 30, 71, 86, 91, 39, 93, 69, 64, 50, 43, 1, 74, 14, 90, 82, 67]
[6, 11, 16, 20, 22, 27, 28, 31, 37, 47, 52, 57, 61, 68, 81, 83, 95, 98, 99, 100, 44, 59, 88, 15, 60, 38, 58, 13, 75, 73, 78, 8, 89, 49, 40, 76, 25, 32, 7, 53, 48, 29, 2, 26, 77, 85, 18, 19, 87, 55, 42, 80, 46, 33, 45, 94, 72, 10, 51, 92, 62, 36, 3, 56, 84, 21, 41, 23, 34, 35, 65, 96, 4, 63, 9, 66, 5, 79, 97, 70, 17, 12, 24, 54, 30, 71, 86, 91, 39, 93, 69, 64, 50, 43, 1, 74, 14, 90, 82, 67]
[6, 11, 16, 20, 22, 27, 28, 31, 37, 44, 47, 52, 57, 61, 68, 81, 83, 95, 98, 99, 100, 59, 88, 15, 60, 38, 58, 13, 75, 73, 78, 8, 89, 49, 40, 76, 25, 32, 7, 53, 48, 29, 2, 26, 77, 85, 18, 19, 87, 55, 42, 80, 46, 33, 45, 94, 72, 10, 51, 92, 62, 36, 3, 56, 84, 21, 41, 23, 34, 35, 65, 96, 4, 63, 9, 66, 5, 79, 97, 70, 17, 12, 24, 54, 30, 71, 86, 91, 39, 93, 69, 64, 50, 43, 1, 74, 14, 90, 82, 67]
[6, 11, 16, 20, 22, 27, 28, 31, 37, 44, 47, 52, 57, 59, 61, 68, 81, 83, 95, 98, 99, 100, 88, 15, 60, 38, 58, 13, 75, 73, 78, 8, 89, 49, 40, 76, 25, 32, 7, 53, 48, 29, 2, 26, 77, 85, 18, 19, 87, 55, 42, 80, 46, 33, 45, 94, 72, 10, 51, 92, 62, 36, 3, 56, 84, 21, 41, 23, 34, 35, 65, 96, 4, 63, 9, 66, 5, 79, 97, 70, 17, 12, 24, 54, 30, 71, 86, 91, 39, 93, 69, 64, 50, 43, 1, 74, 14, 90, 82, 67]
[6, 11, 16, 20, 22, 27, 28, 31, 37, 44, 47, 52, 57, 59, 61, 68, 81, 83, 88, 95, 98, 99, 100, 15, 60, 38, 58, 13, 75, 73, 78, 8, 89, 49, 40, 76, 25, 32, 7, 53, 48, 29, 2, 26, 77, 85, 18, 19, 87, 55, 42, 80, 46, 33, 45, 94, 72, 10, 51, 92, 62, 36, 3, 56, 84, 21, 41, 23, 34, 35, 65, 96, 4, 63, 9, 66, 5, 79, 97, 70, 17, 12, 24, 54, 30, 71, 86, 91, 39, 93, 69, 64, 50, 43, 1, 74, 14, 90, 82, 67]
[6, 11, 15, 16, 20, 22, 27, 28, 31, 37, 44, 47, 52, 57, 59, 61, 68, 81, 83, 88, 95, 98, 99, 100, 60, 38, 58, 13, 75, 73, 78, 8, 89, 49, 40, 76, 25, 32, 7, 53, 48, 29, 2, 26, 77, 85, 18, 19, 87, 55, 42, 80, 46, 33, 45, 94, 72, 10, 51, 92, 62, 36, 3, 56, 84, 21, 41, 23, 34, 35, 65, 96, 4, 63, 9, 66, 5, 79, 97, 70, 17, 12, 24, 54, 30, 71, 86, 91, 39, 93, 69, 64, 50, 43, 1, 74, 14, 90, 82, 67]
[6, 11, 15, 16, 20, 22, 27, 28, 31, 37, 44, 47, 52, 57, 59, 60, 61, 68, 81, 83, 88, 95, 98, 99, 100, 38, 58, 13, 75, 73, 78, 8, 89, 49, 40, 76, 25, 32, 7, 53, 48, 29, 2, 26, 77, 85, 18, 19, 87, 55, 42, 80, 46, 33, 45, 94, 72, 10, 51, 92, 62, 36, 3, 56, 84, 21, 41, 23, 34, 35, 65, 96, 4, 63, 9, 66, 5, 79, 97, 70, 17, 12, 24, 54, 30, 71, 86, 91, 39, 93, 69, 64, 50, 43, 1, 74, 14, 90, 82, 67]
[6, 11, 15, 16, 20, 22, 27, 28, 31, 37, 38, 44, 47, 52, 57, 59, 60, 61, 68, 81, 83, 88, 95, 98, 99, 100, 58, 13, 75, 73, 78, 8, 89, 49, 40, 76, 25, 32, 7, 53, 48, 29, 2, 26, 77, 85, 18, 19, 87, 55, 42, 80, 46, 33, 45, 94, 72, 10, 51, 92, 62, 36, 3, 56, 84, 21, 41, 23, 34, 35, 65, 96, 4, 63, 9, 66, 5, 79, 97, 70, 17, 12, 24, 54, 30, 71, 86, 91, 39, 93, 69, 64, 50, 43, 1, 74, 14, 90, 82, 67]
[6, 11, 15, 16, 20, 22, 27, 28, 31, 37, 38, 44, 47, 52, 57, 58, 59, 60, 61, 68, 81, 83, 88, 95, 98, 99, 100, 13, 75, 73, 78, 8, 89, 49, 40, 76, 25, 32, 7, 53, 48, 29, 2, 26, 77, 85, 18, 19, 87, 55, 42, 80, 46, 33, 45, 94, 72, 10, 51, 92, 62, 36, 3, 56, 84, 21, 41, 23, 34, 35, 65, 96, 4, 63, 9, 66, 5, 79, 97, 70, 17, 12, 24, 54, 30, 71, 86, 91, 39, 93, 69, 64, 50, 43, 1, 74, 14, 90, 82, 67]
[6, 11, 13, 15, 16, 20, 22, 27, 28, 31, 37, 38, 44, 47, 52, 57, 58, 59, 60, 61, 68, 81, 83, 88, 95, 98, 99, 100, 75, 73, 78, 8, 89, 49, 40, 76, 25, 32, 7, 53, 48, 29, 2, 26, 77, 85, 18, 19, 87, 55, 42, 80, 46, 33, 45, 94, 72, 10, 51, 92, 62, 36, 3, 56, 84, 21, 41, 23, 34, 35, 65, 96, 4, 63, 9, 66, 5, 79, 97, 70, 17, 12, 24, 54, 30, 71, 86, 91, 39, 93, 69, 64, 50, 43, 1, 74, 14, 90, 82, 67]
[6, 11, 13, 15, 16, 20, 22, 27, 28, 31, 37, 38, 44, 47, 52, 57, 58, 59, 60, 61, 68, 75, 81, 83, 88, 95, 98, 99, 100, 73, 78, 8, 89, 49, 40, 76, 25, 32, 7, 53, 48, 29, 2, 26, 77, 85, 18, 19, 87, 55, 42, 80, 46, 33, 45, 94, 72, 10, 51, 92, 62, 36, 3, 56, 84, 21, 41, 23, 34, 35, 65, 96, 4, 63, 9, 66, 5, 79, 97, 70, 17, 12, 24, 54, 30, 71, 86, 91, 39, 93, 69, 64, 50, 43, 1, 74, 14, 90, 82, 67]
[6, 11, 13, 15, 16, 20, 22, 27, 28, 31, 37, 38, 44, 47, 52, 57, 58, 59, 60, 61, 68, 73, 75, 81, 83, 88, 95, 98, 99, 100, 78, 8, 89, 49, 40, 76, 25, 32, 7, 53, 48, 29, 2, 26, 77, 85, 18, 19, 87, 55, 42, 80, 46, 33, 45, 94, 72, 10, 51, 92, 62, 36, 3, 56, 84, 21, 41, 23, 34, 35, 65, 96, 4, 63, 9, 66, 5, 79, 97, 70, 17, 12, 24, 54, 30, 71, 86, 91, 39, 93, 69, 64, 50, 43, 1, 74, 14, 90, 82, 67]
[6, 11, 13, 15, 16, 20, 22, 27, 28, 31, 37, 38, 44, 47, 52, 57, 58, 59, 60, 61, 68, 73, 75, 78, 81, 83, 88, 95, 98, 99, 100, 8, 89, 49, 40, 76, 25, 32, 7, 53, 48, 29, 2, 26, 77, 85, 18, 19, 87, 55, 42, 80, 46, 33, 45, 94, 72, 10, 51, 92, 62, 36, 3, 56, 84, 21, 41, 23, 34, 35, 65, 96, 4, 63, 9, 66, 5, 79, 97, 70, 17, 12, 24, 54, 30, 71, 86, 91, 39, 93, 69, 64, 50, 43, 1, 74, 14, 90, 82, 67]
[6, 8, 11, 13, 15, 16, 20, 22, 27, 28, 31, 37, 38, 44, 47, 52, 57, 58, 59, 60, 61, 68, 73, 75, 78, 81, 83, 88, 95, 98, 99, 100, 89, 49, 40, 76, 25, 32, 7, 53, 48, 29, 2, 26, 77, 85, 18, 19, 87, 55, 42, 80, 46, 33, 45, 94, 72, 10, 51, 92, 62, 36, 3, 56, 84, 21, 41, 23, 34, 35, 65, 96, 4, 63, 9, 66, 5, 79, 97, 70, 17, 12, 24, 54, 30, 71, 86, 91, 39, 93, 69, 64, 50, 43, 1, 74, 14, 90, 82, 67]
[6, 8, 11, 13, 15, 16, 20, 22, 27, 28, 31, 37, 38, 44, 47, 52, 57, 58, 59, 60, 61, 68, 73, 75, 78, 81, 83, 88, 89, 95, 98, 99, 100, 49, 40, 76, 25, 32, 7, 53, 48, 29, 2, 26, 77, 85, 18, 19, 87, 55, 42, 80, 46, 33, 45, 94, 72, 10, 51, 92, 62, 36, 3, 56, 84, 21, 41, 23, 34, 35, 65, 96, 4, 63, 9, 66, 5, 79, 97, 70, 17, 12, 24, 54, 30, 71, 86, 91, 39, 93, 69, 64, 50, 43, 1, 74, 14, 90, 82, 67]
[6, 8, 11, 13, 15, 16, 20, 22, 27, 28, 31, 37, 38, 44, 47, 49, 52, 57, 58, 59, 60, 61, 68, 73, 75, 78, 81, 83, 88, 89, 95, 98, 99, 100, 40, 76, 25, 32, 7, 53, 48, 29, 2, 26, 77, 85, 18, 19, 87, 55, 42, 80, 46, 33, 45, 94, 72, 10, 51, 92, 62, 36, 3, 56, 84, 21, 41, 23, 34, 35, 65, 96, 4, 63, 9, 66, 5, 79, 97, 70, 17, 12, 24, 54, 30, 71, 86, 91, 39, 93, 69, 64, 50, 43, 1, 74, 14, 90, 82, 67]
[6, 8, 11, 13, 15, 16, 20, 22, 27, 28, 31, 37, 38, 40, 44, 47, 49, 52, 57, 58, 59, 60, 61, 68, 73, 75, 78, 81, 83, 88, 89, 95, 98, 99, 100, 76, 25, 32, 7, 53, 48, 29, 2, 26, 77, 85, 18, 19, 87, 55, 42, 80, 46, 33, 45, 94, 72, 10, 51, 92, 62, 36, 3, 56, 84, 21, 41, 23, 34, 35, 65, 96, 4, 63, 9, 66, 5, 79, 97, 70, 17, 12, 24, 54, 30, 71, 86, 91, 39, 93, 69, 64, 50, 43, 1, 74, 14, 90, 82, 67]
[6, 8, 11, 13, 15, 16, 20, 22, 27, 28, 31, 37, 38, 40, 44, 47, 49, 52, 57, 58, 59, 60, 61, 68, 73, 75, 76, 78, 81, 83, 88, 89, 95, 98, 99, 100, 25, 32, 7, 53, 48, 29, 2, 26, 77, 85, 18, 19, 87, 55, 42, 80, 46, 33, 45, 94, 72, 10, 51, 92, 62, 36, 3, 56, 84, 21, 41, 23, 34, 35, 65, 96, 4, 63, 9, 66, 5, 79, 97, 70, 17, 12, 24, 54, 30, 71, 86, 91, 39, 93, 69, 64, 50, 43, 1, 74, 14, 90, 82, 67]
[6, 8, 11, 13, 15, 16, 20, 22, 25, 27, 28, 31, 37, 38, 40, 44, 47, 49, 52, 57, 58, 59, 60, 61, 68, 73, 75, 76, 78, 81, 83, 88, 89, 95, 98, 99, 100, 32, 7, 53, 48, 29, 2, 26, 77, 85, 18, 19, 87, 55, 42, 80, 46, 33, 45, 94, 72, 10, 51, 92, 62, 36, 3, 56, 84, 21, 41, 23, 34, 35, 65, 96, 4, 63, 9, 66, 5, 79, 97, 70, 17, 12, 24, 54, 30, 71, 86, 91, 39, 93, 69, 64, 50, 43, 1, 74, 14, 90, 82, 67]
[6, 8, 11, 13, 15, 16, 20, 22, 25, 27, 28, 31, 32, 37, 38, 40, 44, 47, 49, 52, 57, 58, 59, 60, 61, 68, 73, 75, 76, 78, 81, 83, 88, 89, 95, 98, 99, 100, 7, 53, 48, 29, 2, 26, 77, 85, 18, 19, 87, 55, 42, 80, 46, 33, 45, 94, 72, 10, 51, 92, 62, 36, 3, 56, 84, 21, 41, 23, 34, 35, 65, 96, 4, 63, 9, 66, 5, 79, 97, 70, 17, 12, 24, 54, 30, 71, 86, 91, 39, 93, 69, 64, 50, 43, 1, 74, 14, 90, 82, 67]
[6, 7, 8, 11, 13, 15, 16, 20, 22, 25, 27, 28, 31, 32, 37, 38, 40, 44, 47, 49, 52, 57, 58, 59, 60, 61, 68, 73, 75, 76, 78, 81, 83, 88, 89, 95, 98, 99, 100, 53, 48, 29, 2, 26, 77, 85, 18, 19, 87, 55, 42, 80, 46, 33, 45, 94, 72, 10, 51, 92, 62, 36, 3, 56, 84, 21, 41, 23, 34, 35, 65, 96, 4, 63, 9, 66, 5, 79, 97, 70, 17, 12, 24, 54, 30, 71, 86, 91, 39, 93, 69, 64, 50, 43, 1, 74, 14, 90, 82, 67]
[6, 7, 8, 11, 13, 15, 16, 20, 22, 25, 27, 28, 31, 32, 37, 38, 40, 44, 47, 49, 52, 53, 57, 58, 59, 60, 61, 68, 73, 75, 76, 78, 81, 83, 88, 89, 95, 98, 99, 100, 48, 29, 2, 26, 77, 85, 18, 19, 87, 55, 42, 80, 46, 33, 45, 94, 72, 10, 51, 92, 62, 36, 3, 56, 84, 21, 41, 23, 34, 35, 65, 96, 4, 63, 9, 66, 5, 79, 97, 70, 17, 12, 24, 54, 30, 71, 86, 91, 39, 93, 69, 64, 50, 43, 1, 74, 14, 90, 82, 67]
[6, 7, 8, 11, 13, 15, 16, 20, 22, 25, 27, 28, 31, 32, 37, 38, 40, 44, 47, 48, 49, 52, 53, 57, 58, 59, 60, 61, 68, 73, 75, 76, 78, 81, 83, 88, 89, 95, 98, 99, 100, 29, 2, 26, 77, 85, 18, 19, 87, 55, 42, 80, 46, 33, 45, 94, 72, 10, 51, 92, 62, 36, 3, 56, 84, 21, 41, 23, 34, 35, 65, 96, 4, 63, 9, 66, 5, 79, 97, 70, 17, 12, 24, 54, 30, 71, 86, 91, 39, 93, 69, 64, 50, 43, 1, 74, 14, 90, 82, 67]
[6, 7, 8, 11, 13, 15, 16, 20, 22, 25, 27, 28, 29, 31, 32, 37, 38, 40, 44, 47, 48, 49, 52, 53, 57, 58, 59, 60, 61, 68, 73, 75, 76, 78, 81, 83, 88, 89, 95, 98, 99, 100, 2, 26, 77, 85, 18, 19, 87, 55, 42, 80, 46, 33, 45, 94, 72, 10, 51, 92, 62, 36, 3, 56, 84, 21, 41, 23, 34, 35, 65, 96, 4, 63, 9, 66, 5, 79, 97, 70, 17, 12, 24, 54, 30, 71, 86, 91, 39, 93, 69, 64, 50, 43, 1, 74, 14, 90, 82, 67]
[2, 6, 7, 8, 11, 13, 15, 16, 20, 22, 25, 27, 28, 29, 31, 32, 37, 38, 40, 44, 47, 48, 49, 52, 53, 57, 58, 59, 60, 61, 68, 73, 75, 76, 78, 81, 83, 88, 89, 95, 98, 99, 100, 26, 77, 85, 18, 19, 87, 55, 42, 80, 46, 33, 45, 94, 72, 10, 51, 92, 62, 36, 3, 56, 84, 21, 41, 23, 34, 35, 65, 96, 4, 63, 9, 66, 5, 79, 97, 70, 17, 12, 24, 54, 30, 71, 86, 91, 39, 93, 69, 64, 50, 43, 1, 74, 14, 90, 82, 67]
[2, 6, 7, 8, 11, 13, 15, 16, 20, 22, 25, 26, 27, 28, 29, 31, 32, 37, 38, 40, 44, 47, 48, 49, 52, 53, 57, 58, 59, 60, 61, 68, 73, 75, 76, 78, 81, 83, 88, 89, 95, 98, 99, 100, 77, 85, 18, 19, 87, 55, 42, 80, 46, 33, 45, 94, 72, 10, 51, 92, 62, 36, 3, 56, 84, 21, 41, 23, 34, 35, 65, 96, 4, 63, 9, 66, 5, 79, 97, 70, 17, 12, 24, 54, 30, 71, 86, 91, 39, 93, 69, 64, 50, 43, 1, 74, 14, 90, 82, 67]
[2, 6, 7, 8, 11, 13, 15, 16, 20, 22, 25, 26, 27, 28, 29, 31, 32, 37, 38, 40, 44, 47, 48, 49, 52, 53, 57, 58, 59, 60, 61, 68, 73, 75, 76, 77, 78, 81, 83, 88, 89, 95, 98, 99, 100, 85, 18, 19, 87, 55, 42, 80, 46, 33, 45, 94, 72, 10, 51, 92, 62, 36, 3, 56, 84, 21, 41, 23, 34, 35, 65, 96, 4, 63, 9, 66, 5, 79, 97, 70, 17, 12, 24, 54, 30, 71, 86, 91, 39, 93, 69, 64, 50, 43, 1, 74, 14, 90, 82, 67]
[2, 6, 7, 8, 11, 13, 15, 16, 20, 22, 25, 26, 27, 28, 29, 31, 32, 37, 38, 40, 44, 47, 48, 49, 52, 53, 57, 58, 59, 60, 61, 68, 73, 75, 76, 77, 78, 81, 83, 85, 88, 89, 95, 98, 99, 100, 18, 19, 87, 55, 42, 80, 46, 33, 45, 94, 72, 10, 51, 92, 62, 36, 3, 56, 84, 21, 41, 23, 34, 35, 65, 96, 4, 63, 9, 66, 5, 79, 97, 70, 17, 12, 24, 54, 30, 71, 86, 91, 39, 93, 69, 64, 50, 43, 1, 74, 14, 90, 82, 67]
[2, 6, 7, 8, 11, 13, 15, 16, 18, 20, 22, 25, 26, 27, 28, 29, 31, 32, 37, 38, 40, 44, 47, 48, 49, 52, 53, 57, 58, 59, 60, 61, 68, 73, 75, 76, 77, 78, 81, 83, 85, 88, 89, 95, 98, 99, 100, 19, 87, 55, 42, 80, 46, 33, 45, 94, 72, 10, 51, 92, 62, 36, 3, 56, 84, 21, 41, 23, 34, 35, 65, 96, 4, 63, 9, 66, 5, 79, 97, 70, 17, 12, 24, 54, 30, 71, 86, 91, 39, 93, 69, 64, 50, 43, 1, 74, 14, 90, 82, 67]
[2, 6, 7, 8, 11, 13, 15, 16, 18, 19, 20, 22, 25, 26, 27, 28, 29, 31, 32, 37, 38, 40, 44, 47, 48, 49, 52, 53, 57, 58, 59, 60, 61, 68, 73, 75, 76, 77, 78, 81, 83, 85, 88, 89, 95, 98, 99, 100, 87, 55, 42, 80, 46, 33, 45, 94, 72, 10, 51, 92, 62, 36, 3, 56, 84, 21, 41, 23, 34, 35, 65, 96, 4, 63, 9, 66, 5, 79, 97, 70, 17, 12, 24, 54, 30, 71, 86, 91, 39, 93, 69, 64, 50, 43, 1, 74, 14, 90, 82, 67]
[2, 6, 7, 8, 11, 13, 15, 16, 18, 19, 20, 22, 25, 26, 27, 28, 29, 31, 32, 37, 38, 40, 44, 47, 48, 49, 52, 53, 57, 58, 59, 60, 61, 68, 73, 75, 76, 77, 78, 81, 83, 85, 87, 88, 89, 95, 98, 99, 100, 55, 42, 80, 46, 33, 45, 94, 72, 10, 51, 92, 62, 36, 3, 56, 84, 21, 41, 23, 34, 35, 65, 96, 4, 63, 9, 66, 5, 79, 97, 70, 17, 12, 24, 54, 30, 71, 86, 91, 39, 93, 69, 64, 50, 43, 1, 74, 14, 90, 82, 67]
[2, 6, 7, 8, 11, 13, 15, 16, 18, 19, 20, 22, 25, 26, 27, 28, 29, 31, 32, 37, 38, 40, 44, 47, 48, 49, 52, 53, 55, 57, 58, 59, 60, 61, 68, 73, 75, 76, 77, 78, 81, 83, 85, 87, 88, 89, 95, 98, 99, 100, 42, 80, 46, 33, 45, 94, 72, 10, 51, 92, 62, 36, 3, 56, 84, 21, 41, 23, 34, 35, 65, 96, 4, 63, 9, 66, 5, 79, 97, 70, 17, 12, 24, 54, 30, 71, 86, 91, 39, 93, 69, 64, 50, 43, 1, 74, 14, 90, 82, 67]
[2, 6, 7, 8, 11, 13, 15, 16, 18, 19, 20, 22, 25, 26, 27, 28, 29, 31, 32, 37, 38, 40, 42, 44, 47, 48, 49, 52, 53, 55, 57, 58, 59, 60, 61, 68, 73, 75, 76, 77, 78, 81, 83, 85, 87, 88, 89, 95, 98, 99, 100, 80, 46, 33, 45, 94, 72, 10, 51, 92, 62, 36, 3, 56, 84, 21, 41, 23, 34, 35, 65, 96, 4, 63, 9, 66, 5, 79, 97, 70, 17, 12, 24, 54, 30, 71, 86, 91, 39, 93, 69, 64, 50, 43, 1, 74, 14, 90, 82, 67]
[2, 6, 7, 8, 11, 13, 15, 16, 18, 19, 20, 22, 25, 26, 27, 28, 29, 31, 32, 37, 38, 40, 42, 44, 47, 48, 49, 52, 53, 55, 57, 58, 59, 60, 61, 68, 73, 75, 76, 77, 78, 80, 81, 83, 85, 87, 88, 89, 95, 98, 99, 100, 46, 33, 45, 94, 72, 10, 51, 92, 62, 36, 3, 56, 84, 21, 41, 23, 34, 35, 65, 96, 4, 63, 9, 66, 5, 79, 97, 70, 17, 12, 24, 54, 30, 71, 86, 91, 39, 93, 69, 64, 50, 43, 1, 74, 14, 90, 82, 67]
[2, 6, 7, 8, 11, 13, 15, 16, 18, 19, 20, 22, 25, 26, 27, 28, 29, 31, 32, 37, 38, 40, 42, 44, 46, 47, 48, 49, 52, 53, 55, 57, 58, 59, 60, 61, 68, 73, 75, 76, 77, 78, 80, 81, 83, 85, 87, 88, 89, 95, 98, 99, 100, 33, 45, 94, 72, 10, 51, 92, 62, 36, 3, 56, 84, 21, 41, 23, 34, 35, 65, 96, 4, 63, 9, 66, 5, 79, 97, 70, 17, 12, 24, 54, 30, 71, 86, 91, 39, 93, 69, 64, 50, 43, 1, 74, 14, 90, 82, 67]
[2, 6, 7, 8, 11, 13, 15, 16, 18, 19, 20, 22, 25, 26, 27, 28, 29, 31, 32, 33, 37, 38, 40, 42, 44, 46, 47, 48, 49, 52, 53, 55, 57, 58, 59, 60, 61, 68, 73, 75, 76, 77, 78, 80, 81, 83, 85, 87, 88, 89, 95, 98, 99, 100, 45, 94, 72, 10, 51, 92, 62, 36, 3, 56, 84, 21, 41, 23, 34, 35, 65, 96, 4, 63, 9, 66, 5, 79, 97, 70, 17, 12, 24, 54, 30, 71, 86, 91, 39, 93, 69, 64, 50, 43, 1, 74, 14, 90, 82, 67]
[2, 6, 7, 8, 11, 13, 15, 16, 18, 19, 20, 22, 25, 26, 27, 28, 29, 31, 32, 33, 37, 38, 40, 42, 44, 45, 46, 47, 48, 49, 52, 53, 55, 57, 58, 59, 60, 61, 68, 73, 75, 76, 77, 78, 80, 81, 83, 85, 87, 88, 89, 95, 98, 99, 100, 94, 72, 10, 51, 92, 62, 36, 3, 56, 84, 21, 41, 23, 34, 35, 65, 96, 4, 63, 9, 66, 5, 79, 97, 70, 17, 12, 24, 54, 30, 71, 86, 91, 39, 93, 69, 64, 50, 43, 1, 74, 14, 90, 82, 67]
[2, 6, 7, 8, 11, 13, 15, 16, 18, 19, 20, 22, 25, 26, 27, 28, 29, 31, 32, 33, 37, 38, 40, 42, 44, 45, 46, 47, 48, 49, 52, 53, 55, 57, 58, 59, 60, 61, 68, 73, 75, 76, 77, 78, 80, 81, 83, 85, 87, 88, 89, 94, 95, 98, 99, 100, 72, 10, 51, 92, 62, 36, 3, 56, 84, 21, 41, 23, 34, 35, 65, 96, 4, 63, 9, 66, 5, 79, 97, 70, 17, 12, 24, 54, 30, 71, 86, 91, 39, 93, 69, 64, 50, 43, 1, 74, 14, 90, 82, 67]
[2, 6, 7, 8, 11, 13, 15, 16, 18, 19, 20, 22, 25, 26, 27, 28, 29, 31, 32, 33, 37, 38, 40, 42, 44, 45, 46, 47, 48, 49, 52, 53, 55, 57, 58, 59, 60, 61, 68, 72, 73, 75, 76, 77, 78, 80, 81, 83, 85, 87, 88, 89, 94, 95, 98, 99, 100, 10, 51, 92, 62, 36, 3, 56, 84, 21, 41, 23, 34, 35, 65, 96, 4, 63, 9, 66, 5, 79, 97, 70, 17, 12, 24, 54, 30, 71, 86, 91, 39, 93, 69, 64, 50, 43, 1, 74, 14, 90, 82, 67]
[2, 6, 7, 8, 10, 11, 13, 15, 16, 18, 19, 20, 22, 25, 26, 27, 28, 29, 31, 32, 33, 37, 38, 40, 42, 44, 45, 46, 47, 48, 49, 52, 53, 55, 57, 58, 59, 60, 61, 68, 72, 73, 75, 76, 77, 78, 80, 81, 83, 85, 87, 88, 89, 94, 95, 98, 99, 100, 51, 92, 62, 36, 3, 56, 84, 21, 41, 23, 34, 35, 65, 96, 4, 63, 9, 66, 5, 79, 97, 70, 17, 12, 24, 54, 30, 71, 86, 91, 39, 93, 69, 64, 50, 43, 1, 74, 14, 90, 82, 67]
[2, 6, 7, 8, 10, 11, 13, 15, 16, 18, 19, 20, 22, 25, 26, 27, 28, 29, 31, 32, 33, 37, 38, 40, 42, 44, 45, 46, 47, 48, 49, 51, 52, 53, 55, 57, 58, 59, 60, 61, 68, 72, 73, 75, 76, 77, 78, 80, 81, 83, 85, 87, 88, 89, 94, 95, 98, 99, 100, 92, 62, 36, 3, 56, 84, 21, 41, 23, 34, 35, 65, 96, 4, 63, 9, 66, 5, 79, 97, 70, 17, 12, 24, 54, 30, 71, 86, 91, 39, 93, 69, 64, 50, 43, 1, 74, 14, 90, 82, 67]
[2, 6, 7, 8, 10, 11, 13, 15, 16, 18, 19, 20, 22, 25, 26, 27, 28, 29, 31, 32, 33, 37, 38, 40, 42, 44, 45, 46, 47, 48, 49, 51, 52, 53, 55, 57, 58, 59, 60, 61, 68, 72, 73, 75, 76, 77, 78, 80, 81, 83, 85, 87, 88, 89, 92, 94, 95, 98, 99, 100, 62, 36, 3, 56, 84, 21, 41, 23, 34, 35, 65, 96, 4, 63, 9, 66, 5, 79, 97, 70, 17, 12, 24, 54, 30, 71, 86, 91, 39, 93, 69, 64, 50, 43, 1, 74, 14, 90, 82, 67]
[2, 6, 7, 8, 10, 11, 13, 15, 16, 18, 19, 20, 22, 25, 26, 27, 28, 29, 31, 32, 33, 37, 38, 40, 42, 44, 45, 46, 47, 48, 49, 51, 52, 53, 55, 57, 58, 59, 60, 61, 62, 68, 72, 73, 75, 76, 77, 78, 80, 81, 83, 85, 87, 88, 89, 92, 94, 95, 98, 99, 100, 36, 3, 56, 84, 21, 41, 23, 34, 35, 65, 96, 4, 63, 9, 66, 5, 79, 97, 70, 17, 12, 24, 54, 30, 71, 86, 91, 39, 93, 69, 64, 50, 43, 1, 74, 14, 90, 82, 67]
[2, 6, 7, 8, 10, 11, 13, 15, 16, 18, 19, 20, 22, 25, 26, 27, 28, 29, 31, 32, 33, 36, 37, 38, 40, 42, 44, 45, 46, 47, 48, 49, 51, 52, 53, 55, 57, 58, 59, 60, 61, 62, 68, 72, 73, 75, 76, 77, 78, 80, 81, 83, 85, 87, 88, 89, 92, 94, 95, 98, 99, 100, 3, 56, 84, 21, 41, 23, 34, 35, 65, 96, 4, 63, 9, 66, 5, 79, 97, 70, 17, 12, 24, 54, 30, 71, 86, 91, 39, 93, 69, 64, 50, 43, 1, 74, 14, 90, 82, 67]
[2, 3, 6, 7, 8, 10, 11, 13, 15, 16, 18, 19, 20, 22, 25, 26, 27, 28, 29, 31, 32, 33, 36, 37, 38, 40, 42, 44, 45, 46, 47, 48, 49, 51, 52, 53, 55, 57, 58, 59, 60, 61, 62, 68, 72, 73, 75, 76, 77, 78, 80, 81, 83, 85, 87, 88, 89, 92, 94, 95, 98, 99, 100, 56, 84, 21, 41, 23, 34, 35, 65, 96, 4, 63, 9, 66, 5, 79, 97, 70, 17, 12, 24, 54, 30, 71, 86, 91, 39, 93, 69, 64, 50, 43, 1, 74, 14, 90, 82, 67]
[2, 3, 6, 7, 8, 10, 11, 13, 15, 16, 18, 19, 20, 22, 25, 26, 27, 28, 29, 31, 32, 33, 36, 37, 38, 40, 42, 44, 45, 46, 47, 48, 49, 51, 52, 53, 55, 56, 57, 58, 59, 60, 61, 62, 68, 72, 73, 75, 76, 77, 78, 80, 81, 83, 85, 87, 88, 89, 92, 94, 95, 98, 99, 100, 84, 21, 41, 23, 34, 35, 65, 96, 4, 63, 9, 66, 5, 79, 97, 70, 17, 12, 24, 54, 30, 71, 86, 91, 39, 93, 69, 64, 50, 43, 1, 74, 14, 90, 82, 67]
[2, 3, 6, 7, 8, 10, 11, 13, 15, 16, 18, 19, 20, 22, 25, 26, 27, 28, 29, 31, 32, 33, 36, 37, 38, 40, 42, 44, 45, 46, 47, 48, 49, 51, 52, 53, 55, 56, 57, 58, 59, 60, 61, 62, 68, 72, 73, 75, 76, 77, 78, 80, 81, 83, 84, 85, 87, 88, 89, 92, 94, 95, 98, 99, 100, 21, 41, 23, 34, 35, 65, 96, 4, 63, 9, 66, 5, 79, 97, 70, 17, 12, 24, 54, 30, 71, 86, 91, 39, 93, 69, 64, 50, 43, 1, 74, 14, 90, 82, 67]
[2, 3, 6, 7, 8, 10, 11, 13, 15, 16, 18, 19, 20, 21, 22, 25, 26, 27, 28, 29, 31, 32, 33, 36, 37, 38, 40, 42, 44, 45, 46, 47, 48, 49, 51, 52, 53, 55, 56, 57, 58, 59, 60, 61, 62, 68, 72, 73, 75, 76, 77, 78, 80, 81, 83, 84, 85, 87, 88, 89, 92, 94, 95, 98, 99, 100, 41, 23, 34, 35, 65, 96, 4, 63, 9, 66, 5, 79, 97, 70, 17, 12, 24, 54, 30, 71, 86, 91, 39, 93, 69, 64, 50, 43, 1, 74, 14, 90, 82, 67]
[2, 3, 6, 7, 8, 10, 11, 13, 15, 16, 18, 19, 20, 21, 22, 25, 26, 27, 28, 29, 31, 32, 33, 36, 37, 38, 40, 41, 42, 44, 45, 46, 47, 48, 49, 51, 52, 53, 55, 56, 57, 58, 59, 60, 61, 62, 68, 72, 73, 75, 76, 77, 78, 80, 81, 83, 84, 85, 87, 88, 89, 92, 94, 95, 98, 99, 100, 23, 34, 35, 65, 96, 4, 63, 9, 66, 5, 79, 97, 70, 17, 12, 24, 54, 30, 71, 86, 91, 39, 93, 69, 64, 50, 43, 1, 74, 14, 90, 82, 67]
[2, 3, 6, 7, 8, 10, 11, 13, 15, 16, 18, 19, 20, 21, 22, 23, 25, 26, 27, 28, 29, 31, 32, 33, 36, 37, 38, 40, 41, 42, 44, 45, 46, 47, 48, 49, 51, 52, 53, 55, 56, 57, 58, 59, 60, 61, 62, 68, 72, 73, 75, 76, 77, 78, 80, 81, 83, 84, 85, 87, 88, 89, 92, 94, 95, 98, 99, 100, 34, 35, 65, 96, 4, 63, 9, 66, 5, 79, 97, 70, 17, 12, 24, 54, 30, 71, 86, 91, 39, 93, 69, 64, 50, 43, 1, 74, 14, 90, 82, 67]
[2, 3, 6, 7, 8, 10, 11, 13, 15, 16, 18, 19, 20, 21, 22, 23, 25, 26, 27, 28, 29, 31, 32, 33, 34, 36, 37, 38, 40, 41, 42, 44, 45, 46, 47, 48, 49, 51, 52, 53, 55, 56, 57, 58, 59, 60, 61, 62, 68, 72, 73, 75, 76, 77, 78, 80, 81, 83, 84, 85, 87, 88, 89, 92, 94, 95, 98, 99, 100, 35, 65, 96, 4, 63, 9, 66, 5, 79, 97, 70, 17, 12, 24, 54, 30, 71, 86, 91, 39, 93, 69, 64, 50, 43, 1, 74, 14, 90, 82, 67]
[2, 3, 6, 7, 8, 10, 11, 13, 15, 16, 18, 19, 20, 21, 22, 23, 25, 26, 27, 28, 29, 31, 32, 33, 34, 35, 36, 37, 38, 40, 41, 42, 44, 45, 46, 47, 48, 49, 51, 52, 53, 55, 56, 57, 58, 59, 60, 61, 62, 68, 72, 73, 75, 76, 77, 78, 80, 81, 83, 84, 85, 87, 88, 89, 92, 94, 95, 98, 99, 100, 65, 96, 4, 63, 9, 66, 5, 79, 97, 70, 17, 12, 24, 54, 30, 71, 86, 91, 39, 93, 69, 64, 50, 43, 1, 74, 14, 90, 82, 67]
[2, 3, 6, 7, 8, 10, 11, 13, 15, 16, 18, 19, 20, 21, 22, 23, 25, 26, 27, 28, 29, 31, 32, 33, 34, 35, 36, 37, 38, 40, 41, 42, 44, 45, 46, 47, 48, 49, 51, 52, 53, 55, 56, 57, 58, 59, 60, 61, 62, 65, 68, 72, 73, 75, 76, 77, 78, 80, 81, 83, 84, 85, 87, 88, 89, 92, 94, 95, 98, 99, 100, 96, 4, 63, 9, 66, 5, 79, 97, 70, 17, 12, 24, 54, 30, 71, 86, 91, 39, 93, 69, 64, 50, 43, 1, 74, 14, 90, 82, 67]
[2, 3, 6, 7, 8, 10, 11, 13, 15, 16, 18, 19, 20, 21, 22, 23, 25, 26, 27, 28, 29, 31, 32, 33, 34, 35, 36, 37, 38, 40, 41, 42, 44, 45, 46, 47, 48, 49, 51, 52, 53, 55, 56, 57, 58, 59, 60, 61, 62, 65, 68, 72, 73, 75, 76, 77, 78, 80, 81, 83, 84, 85, 87, 88, 89, 92, 94, 95, 96, 98, 99, 100, 4, 63, 9, 66, 5, 79, 97, 70, 17, 12, 24, 54, 30, 71, 86, 91, 39, 93, 69, 64, 50, 43, 1, 74, 14, 90, 82, 67]
[2, 3, 4, 6, 7, 8, 10, 11, 13, 15, 16, 18, 19, 20, 21, 22, 23, 25, 26, 27, 28, 29, 31, 32, 33, 34, 35, 36, 37, 38, 40, 41, 42, 44, 45, 46, 47, 48, 49, 51, 52, 53, 55, 56, 57, 58, 59, 60, 61, 62, 65, 68, 72, 73, 75, 76, 77, 78, 80, 81, 83, 84, 85, 87, 88, 89, 92, 94, 95, 96, 98, 99, 100, 63, 9, 66, 5, 79, 97, 70, 17, 12, 24, 54, 30, 71, 86, 91, 39, 93, 69, 64, 50, 43, 1, 74, 14, 90, 82, 67]
[2, 3, 4, 6, 7, 8, 10, 11, 13, 15, 16, 18, 19, 20, 21, 22, 23, 25, 26, 27, 28, 29, 31, 32, 33, 34, 35, 36, 37, 38, 40, 41, 42, 44, 45, 46, 47, 48, 49, 51, 52, 53, 55, 56, 57, 58, 59, 60, 61, 62, 63, 65, 68, 72, 73, 75, 76, 77, 78, 80, 81, 83, 84, 85, 87, 88, 89, 92, 94, 95, 96, 98, 99, 100, 9, 66, 5, 79, 97, 70, 17, 12, 24, 54, 30, 71, 86, 91, 39, 93, 69, 64, 50, 43, 1, 74, 14, 90, 82, 67]
[2, 3, 4, 6, 7, 8, 9, 10, 11, 13, 15, 16, 18, 19, 20, 21, 22, 23, 25, 26, 27, 28, 29, 31, 32, 33, 34, 35, 36, 37, 38, 40, 41, 42, 44, 45, 46, 47, 48, 49, 51, 52, 53, 55, 56, 57, 58, 59, 60, 61, 62, 63, 65, 68, 72, 73, 75, 76, 77, 78, 80, 81, 83, 84, 85, 87, 88, 89, 92, 94, 95, 96, 98, 99, 100, 66, 5, 79, 97, 70, 17, 12, 24, 54, 30, 71, 86, 91, 39, 93, 69, 64, 50, 43, 1, 74, 14, 90, 82, 67]
[2, 3, 4, 6, 7, 8, 9, 10, 11, 13, 15, 16, 18, 19, 20, 21, 22, 23, 25, 26, 27, 28, 29, 31, 32, 33, 34, 35, 36, 37, 38, 40, 41, 42, 44, 45, 46, 47, 48, 49, 51, 52, 53, 55, 56, 57, 58, 59, 60, 61, 62, 63, 65, 66, 68, 72, 73, 75, 76, 77, 78, 80, 81, 83, 84, 85, 87, 88, 89, 92, 94, 95, 96, 98, 99, 100, 5, 79, 97, 70, 17, 12, 24, 54, 30, 71, 86, 91, 39, 93, 69, 64, 50, 43, 1, 74, 14, 90, 82, 67]
[2, 3, 4, 5, 6, 7, 8, 9, 10, 11, 13, 15, 16, 18, 19, 20, 21, 22, 23, 25, 26, 27, 28, 29, 31, 32, 33, 34, 35, 36, 37, 38, 40, 41, 42, 44, 45, 46, 47, 48, 49, 51, 52, 53, 55, 56, 57, 58, 59, 60, 61, 62, 63, 65, 66, 68, 72, 73, 75, 76, 77, 78, 80, 81, 83, 84, 85, 87, 88, 89, 92, 94, 95, 96, 98, 99, 100, 79, 97, 70, 17, 12, 24, 54, 30, 71, 86, 91, 39, 93, 69, 64, 50, 43, 1, 74, 14, 90, 82, 67]
[2, 3, 4, 5, 6, 7, 8, 9, 10, 11, 13, 15, 16, 18, 19, 20, 21, 22, 23, 25, 26, 27, 28, 29, 31, 32, 33, 34, 35, 36, 37, 38, 40, 41, 42, 44, 45, 46, 47, 48, 49, 51, 52, 53, 55, 56, 57, 58, 59, 60, 61, 62, 63, 65, 66, 68, 72, 73, 75, 76, 77, 78, 79, 80, 81, 83, 84, 85, 87, 88, 89, 92, 94, 95, 96, 98, 99, 100, 97, 70, 17, 12, 24, 54, 30, 71, 86, 91, 39, 93, 69, 64, 50, 43, 1, 74, 14, 90, 82, 67]
[2, 3, 4, 5, 6, 7, 8, 9, 10, 11, 13, 15, 16, 18, 19, 20, 21, 22, 23, 25, 26, 27, 28, 29, 31, 32, 33, 34, 35, 36, 37, 38, 40, 41, 42, 44, 45, 46, 47, 48, 49, 51, 52, 53, 55, 56, 57, 58, 59, 60, 61, 62, 63, 65, 66, 68, 72, 73, 75, 76, 77, 78, 79, 80, 81, 83, 84, 85, 87, 88, 89, 92, 94, 95, 96, 97, 98, 99, 100, 70, 17, 12, 24, 54, 30, 71, 86, 91, 39, 93, 69, 64, 50, 43, 1, 74, 14, 90, 82, 67]
[2, 3, 4, 5, 6, 7, 8, 9, 10, 11, 13, 15, 16, 18, 19, 20, 21, 22, 23, 25, 26, 27, 28, 29, 31, 32, 33, 34, 35, 36, 37, 38, 40, 41, 42, 44, 45, 46, 47, 48, 49, 51, 52, 53, 55, 56, 57, 58, 59, 60, 61, 62, 63, 65, 66, 68, 70, 72, 73, 75, 76, 77, 78, 79, 80, 81, 83, 84, 85, 87, 88, 89, 92, 94, 95, 96, 97, 98, 99, 100, 17, 12, 24, 54, 30, 71, 86, 91, 39, 93, 69, 64, 50, 43, 1, 74, 14, 90, 82, 67]
[2, 3, 4, 5, 6, 7, 8, 9, 10, 11, 13, 15, 16, 17, 18, 19, 20, 21, 22, 23, 25, 26, 27, 28, 29, 31, 32, 33, 34, 35, 36, 37, 38, 40, 41, 42, 44, 45, 46, 47, 48, 49, 51, 52, 53, 55, 56, 57, 58, 59, 60, 61, 62, 63, 65, 66, 68, 70, 72, 73, 75, 76, 77, 78, 79, 80, 81, 83, 84, 85, 87, 88, 89, 92, 94, 95, 96, 97, 98, 99, 100, 12, 24, 54, 30, 71, 86, 91, 39, 93, 69, 64, 50, 43, 1, 74, 14, 90, 82, 67]
[2, 3, 4, 5, 6, 7, 8, 9, 10, 11, 12, 13, 15, 16, 17, 18, 19, 20, 21, 22, 23, 25, 26, 27, 28, 29, 31, 32, 33, 34, 35, 36, 37, 38, 40, 41, 42, 44, 45, 46, 47, 48, 49, 51, 52, 53, 55, 56, 57, 58, 59, 60, 61, 62, 63, 65, 66, 68, 70, 72, 73, 75, 76, 77, 78, 79, 80, 81, 83, 84, 85, 87, 88, 89, 92, 94, 95, 96, 97, 98, 99, 100, 24, 54, 30, 71, 86, 91, 39, 93, 69, 64, 50, 43, 1, 74, 14, 90, 82, 67]
[2, 3, 4, 5, 6, 7, 8, 9, 10, 11, 12, 13, 15, 16, 17, 18, 19, 20, 21, 22, 23, 24, 25, 26, 27, 28, 29, 31, 32, 33, 34, 35, 36, 37, 38, 40, 41, 42, 44, 45, 46, 47, 48, 49, 51, 52, 53, 55, 56, 57, 58, 59, 60, 61, 62, 63, 65, 66, 68, 70, 72, 73, 75, 76, 77, 78, 79, 80, 81, 83, 84, 85, 87, 88, 89, 92, 94, 95, 96, 97, 98, 99, 100, 54, 30, 71, 86, 91, 39, 93, 69, 64, 50, 43, 1, 74, 14, 90, 82, 67]
[2, 3, 4, 5, 6, 7, 8, 9, 10, 11, 12, 13, 15, 16, 17, 18, 19, 20, 21, 22, 23, 24, 25, 26, 27, 28, 29, 31, 32, 33, 34, 35, 36, 37, 38, 40, 41, 42, 44, 45, 46, 47, 48, 49, 51, 52, 53, 54, 55, 56, 57, 58, 59, 60, 61, 62, 63, 65, 66, 68, 70, 72, 73, 75, 76, 77, 78, 79, 80, 81, 83, 84, 85, 87, 88, 89, 92, 94, 95, 96, 97, 98, 99, 100, 30, 71, 86, 91, 39, 93, 69, 64, 50, 43, 1, 74, 14, 90, 82, 67]
[2, 3, 4, 5, 6, 7, 8, 9, 10, 11, 12, 13, 15, 16, 17, 18, 19, 20, 21, 22, 23, 24, 25, 26, 27, 28, 29, 30, 31, 32, 33, 34, 35, 36, 37, 38, 40, 41, 42, 44, 45, 46, 47, 48, 49, 51, 52, 53, 54, 55, 56, 57, 58, 59, 60, 61, 62, 63, 65, 66, 68, 70, 72, 73, 75, 76, 77, 78, 79, 80, 81, 83, 84, 85, 87, 88, 89, 92, 94, 95, 96, 97, 98, 99, 100, 71, 86, 91, 39, 93, 69, 64, 50, 43, 1, 74, 14, 90, 82, 67]
[2, 3, 4, 5, 6, 7, 8, 9, 10, 11, 12, 13, 15, 16, 17, 18, 19, 20, 21, 22, 23, 24, 25, 26, 27, 28, 29, 30, 31, 32, 33, 34, 35, 36, 37, 38, 40, 41, 42, 44, 45, 46, 47, 48, 49, 51, 52, 53, 54, 55, 56, 57, 58, 59, 60, 61, 62, 63, 65, 66, 68, 70, 71, 72, 73, 75, 76, 77, 78, 79, 80, 81, 83, 84, 85, 87, 88, 89, 92, 94, 95, 96, 97, 98, 99, 100, 86, 91, 39, 93, 69, 64, 50, 43, 1, 74, 14, 90, 82, 67]
[2, 3, 4, 5, 6, 7, 8, 9, 10, 11, 12, 13, 15, 16, 17, 18, 19, 20, 21, 22, 23, 24, 25, 26, 27, 28, 29, 30, 31, 32, 33, 34, 35, 36, 37, 38, 40, 41, 42, 44, 45, 46, 47, 48, 49, 51, 52, 53, 54, 55, 56, 57, 58, 59, 60, 61, 62, 63, 65, 66, 68, 70, 71, 72, 73, 75, 76, 77, 78, 79, 80, 81, 83, 84, 85, 86, 87, 88, 89, 92, 94, 95, 96, 97, 98, 99, 100, 91, 39, 93, 69, 64, 50, 43, 1, 74, 14, 90, 82, 67]
[2, 3, 4, 5, 6, 7, 8, 9, 10, 11, 12, 13, 15, 16, 17, 18, 19, 20, 21, 22, 23, 24, 25, 26, 27, 28, 29, 30, 31, 32, 33, 34, 35, 36, 37, 38, 40, 41, 42, 44, 45, 46, 47, 48, 49, 51, 52, 53, 54, 55, 56, 57, 58, 59, 60, 61, 62, 63, 65, 66, 68, 70, 71, 72, 73, 75, 76, 77, 78, 79, 80, 81, 83, 84, 85, 86, 87, 88, 89, 91, 92, 94, 95, 96, 97, 98, 99, 100, 39, 93, 69, 64, 50, 43, 1, 74, 14, 90, 82, 67]
[2, 3, 4, 5, 6, 7, 8, 9, 10, 11, 12, 13, 15, 16, 17, 18, 19, 20, 21, 22, 23, 24, 25, 26, 27, 28, 29, 30, 31, 32, 33, 34, 35, 36, 37, 38, 39, 40, 41, 42, 44, 45, 46, 47, 48, 49, 51, 52, 53, 54, 55, 56, 57, 58, 59, 60, 61, 62, 63, 65, 66, 68, 70, 71, 72, 73, 75, 76, 77, 78, 79, 80, 81, 83, 84, 85, 86, 87, 88, 89, 91, 92, 94, 95, 96, 97, 98, 99, 100, 93, 69, 64, 50, 43, 1, 74, 14, 90, 82, 67]
[2, 3, 4, 5, 6, 7, 8, 9, 10, 11, 12, 13, 15, 16, 17, 18, 19, 20, 21, 22, 23, 24, 25, 26, 27, 28, 29, 30, 31, 32, 33, 34, 35, 36, 37, 38, 39, 40, 41, 42, 44, 45, 46, 47, 48, 49, 51, 52, 53, 54, 55, 56, 57, 58, 59, 60, 61, 62, 63, 65, 66, 68, 70, 71, 72, 73, 75, 76, 77, 78, 79, 80, 81, 83, 84, 85, 86, 87, 88, 89, 91, 92, 93, 94, 95, 96, 97, 98, 99, 100, 69, 64, 50, 43, 1, 74, 14, 90, 82, 67]
[2, 3, 4, 5, 6, 7, 8, 9, 10, 11, 12, 13, 15, 16, 17, 18, 19, 20, 21, 22, 23, 24, 25, 26, 27, 28, 29, 30, 31, 32, 33, 34, 35, 36, 37, 38, 39, 40, 41, 42, 44, 45, 46, 47, 48, 49, 51, 52, 53, 54, 55, 56, 57, 58, 59, 60, 61, 62, 63, 65, 66, 68, 69, 70, 71, 72, 73, 75, 76, 77, 78, 79, 80, 81, 83, 84, 85, 86, 87, 88, 89, 91, 92, 93, 94, 95, 96, 97, 98, 99, 100, 64, 50, 43, 1, 74, 14, 90, 82, 67]
[2, 3, 4, 5, 6, 7, 8, 9, 10, 11, 12, 13, 15, 16, 17, 18, 19, 20, 21, 22, 23, 24, 25, 26, 27, 28, 29, 30, 31, 32, 33, 34, 35, 36, 37, 38, 39, 40, 41, 42, 44, 45, 46, 47, 48, 49, 51, 52, 53, 54, 55, 56, 57, 58, 59, 60, 61, 62, 63, 64, 65, 66, 68, 69, 70, 71, 72, 73, 75, 76, 77, 78, 79, 80, 81, 83, 84, 85, 86, 87, 88, 89, 91, 92, 93, 94, 95, 96, 97, 98, 99, 100, 50, 43, 1, 74, 14, 90, 82, 67]
[2, 3, 4, 5, 6, 7, 8, 9, 10, 11, 12, 13, 15, 16, 17, 18, 19, 20, 21, 22, 23, 24, 25, 26, 27, 28, 29, 30, 31, 32, 33, 34, 35, 36, 37, 38, 39, 40, 41, 42, 44, 45, 46, 47, 48, 49, 50, 51, 52, 53, 54, 55, 56, 57, 58, 59, 60, 61, 62, 63, 64, 65, 66, 68, 69, 70, 71, 72, 73, 75, 76, 77, 78, 79, 80, 81, 83, 84, 85, 86, 87, 88, 89, 91, 92, 93, 94, 95, 96, 97, 98, 99, 100, 43, 1, 74, 14, 90, 82, 67]
[2, 3, 4, 5, 6, 7, 8, 9, 10, 11, 12, 13, 15, 16, 17, 18, 19, 20, 21, 22, 23, 24, 25, 26, 27, 28, 29, 30, 31, 32, 33, 34, 35, 36, 37, 38, 39, 40, 41, 42, 43, 44, 45, 46, 47, 48, 49, 50, 51, 52, 53, 54, 55, 56, 57, 58, 59, 60, 61, 62, 63, 64, 65, 66, 68, 69, 70, 71, 72, 73, 75, 76, 77, 78, 79, 80, 81, 83, 84, 85, 86, 87, 88, 89, 91, 92, 93, 94, 95, 96, 97, 98, 99, 100, 1, 74, 14, 90, 82, 67]
[1, 2, 3, 4, 5, 6, 7, 8, 9, 10, 11, 12, 13, 15, 16, 17, 18, 19, 20, 21, 22, 23, 24, 25, 26, 27, 28, 29, 30, 31, 32, 33, 34, 35, 36, 37, 38, 39, 40, 41, 42, 43, 44, 45, 46, 47, 48, 49, 50, 51, 52, 53, 54, 55, 56, 57, 58, 59, 60, 61, 62, 63, 64, 65, 66, 68, 69, 70, 71, 72, 73, 75, 76, 77, 78, 79, 80, 81, 83, 84, 85, 86, 87, 88, 89, 91, 92, 93, 94, 95, 96, 97, 98, 99, 100, 74, 14, 90, 82, 67]
[1, 2, 3, 4, 5, 6, 7, 8, 9, 10, 11, 12, 13, 15, 16, 17, 18, 19, 20, 21, 22, 23, 24, 25, 26, 27, 28, 29, 30, 31, 32, 33, 34, 35, 36, 37, 38, 39, 40, 41, 42, 43, 44, 45, 46, 47, 48, 49, 50, 51, 52, 53, 54, 55, 56, 57, 58, 59, 60, 61, 62, 63, 64, 65, 66, 68, 69, 70, 71, 72, 73, 74, 75, 76, 77, 78, 79, 80, 81, 83, 84, 85, 86, 87, 88, 89, 91, 92, 93, 94, 95, 96, 97, 98, 99, 100, 14, 90, 82, 67]
[1, 2, 3, 4, 5, 6, 7, 8, 9, 10, 11, 12, 13, 14, 15, 16, 17, 18, 19, 20, 21, 22, 23, 24, 25, 26, 27, 28, 29, 30, 31, 32, 33, 34, 35, 36, 37, 38, 39, 40, 41, 42, 43, 44, 45, 46, 47, 48, 49, 50, 51, 52, 53, 54, 55, 56, 57, 58, 59, 60, 61, 62, 63, 64, 65, 66, 68, 69, 70, 71, 72, 73, 74, 75, 76, 77, 78, 79, 80, 81, 83, 84, 85, 86, 87, 88, 89, 91, 92, 93, 94, 95, 96, 97, 98, 99, 100, 90, 82, 67]
[1, 2, 3, 4, 5, 6, 7, 8, 9, 10, 11, 12, 13, 14, 15, 16, 17, 18, 19, 20, 21, 22, 23, 24, 25, 26, 27, 28, 29, 30, 31, 32, 33, 34, 35, 36, 37, 38, 39, 40, 41, 42, 43, 44, 45, 46, 47, 48, 49, 50, 51, 52, 53, 54, 55, 56, 57, 58, 59, 60, 61, 62, 63, 64, 65, 66, 68, 69, 70, 71, 72, 73, 74, 75, 76, 77, 78, 79, 80, 81, 83, 84, 85, 86, 87, 88, 89, 90, 91, 92, 93, 94, 95, 96, 97, 98, 99, 100, 82, 67]
[1, 2, 3, 4, 5, 6, 7, 8, 9, 10, 11, 12, 13, 14, 15, 16, 17, 18, 19, 20, 21, 22, 23, 24, 25, 26, 27, 28, 29, 30, 31, 32, 33, 34, 35, 36, 37, 38, 39, 40, 41, 42, 43, 44, 45, 46, 47, 48, 49, 50, 51, 52, 53, 54, 55, 56, 57, 58, 59, 60, 61, 62, 63, 64, 65, 66, 68, 69, 70, 71, 72, 73, 74, 75, 76, 77, 78, 79, 80, 81, 82, 83, 84, 85, 86, 87, 88, 89, 90, 91, 92, 93, 94, 95, 96, 97, 98, 99, 100, 67]
[1, 2, 3, 4, 5, 6, 7, 8, 9, 10, 11, 12, 13, 14, 15, 16, 17, 18, 19, 20, 21, 22, 23, 24, 25, 26, 27, 28, 29, 30, 31, 32, 33, 34, 35, 36, 37, 38, 39, 40, 41, 42, 43, 44, 45, 46, 47, 48, 49, 50, 51, 52, 53, 54, 55, 56, 57, 58, 59, 60, 61, 62, 63, 64, 65, 66, 67, 68, 69, 70, 71, 72, 73, 74, 75, 76, 77, 78, 79, 80, 81, 82, 83, 84, 85, 86, 87, 88, 89, 90, 91, 92, 93, 94, 95, 96, 97, 98, 99, 100]
sorted:    [1, 2, 3, 4, 5, 6, 7, 8, 9, 10, 11, 12, 13, 14, 15, 16, 17, 18, 19, 20, 21, 22, 23, 24, 25, 26, 27, 28, 29, 30, 31, 32, 33, 34, 35, 36, 37, 38, 39, 40, 41, 42, 43, 44, 45, 46, 47, 48, 49, 50, 51, 52, 53, 54, 55, 56, 57, 58, 59, 60, 61, 62, 63, 64, 65, 66, 67, 68, 69, 70, 71, 72, 73, 74, 75, 76, 77, 78, 79, 80, 81, 82, 83, 84, 85, 86, 87, 88, 89, 90, 91, 92, 93, 94, 95, 96, 97, 98, 99, 100]
]]></system-out>
  <system-err><![CDATA[]]></system-err>
</testsuite>
