<?xml version="1.0" encoding="UTF-8"?>
<testsuite name="com.nthread.outthere.cracking.VolumeOfHistogramTest" tests="2" skipped="0" failures="0" errors="0" timestamp="2016-10-14T05:07:46" hostname="stationzero" time="0.0">
  <properties/>
  <testcase name="testVolume1" classname="com.nthread.outthere.cracking.VolumeOfHistogramTest" time="0.0"/>
  <testcase name="testVolume2" classname="com.nthread.outthere.cracking.VolumeOfHistogramTest" time="0.0"/>
  <system-out><![CDATA[]]></system-out>
  <system-err><![CDATA[]]></system-err>
</testsuite>
